[0.051s] Invoking command in '/home/dhruvagarwal/Desktop/ros2_ws/build/lidar_camera_calibration': CMAKE_PREFIX_PATH=${CMAKE_PREFIX_PATH}:/home/dhruvagarwal/feb-system-integration/perception_ws/install/sensor_fusion:/home/dhruvagarwal/feb-system-integration/perception_ws/install/lidar_perception:/home/dhruvagarwal/feb-system-integration/perception_ws/install/camera_perception:/home/dhruvagarwal/feb-system-integration/perception_ws/install/auto_calibration:/opt/ros/humble /usr/bin/cmake /home/dhruvagarwal/Desktop/ros2_ws/src/lidar_camera_calibration -DENABLE_TRANSFORM=ON -DCMAKE_INSTALL_PREFIX=/home/dhruvagarwal/Desktop/ros2_ws/install/lidar_camera_calibration
[0.122s] -- Found ament_cmake: 1.3.9 (/opt/ros/humble/share/ament_cmake/cmake)
[0.284s] -- Found rclcpp: 16.0.9 (/opt/ros/humble/share/rclcpp/cmake)
[0.370s] -- Found rosidl_generator_c: 3.1.5 (/opt/ros/humble/share/rosidl_generator_c/cmake)
[0.373s] -- Found rosidl_adapter: 3.1.5 (/opt/ros/humble/share/rosidl_adapter/cmake)
[0.380s] -- Found rosidl_generator_cpp: 3.1.5 (/opt/ros/humble/share/rosidl_generator_cpp/cmake)
[0.395s] -- Using all available rosidl_typesupport_c: rosidl_typesupport_fastrtps_c;rosidl_typesupport_introspection_c
[0.440s] -- Using all available rosidl_typesupport_cpp: rosidl_typesupport_fastrtps_cpp;rosidl_typesupport_introspection_cpp
[0.530s] -- Found rmw_implementation_cmake: 6.1.2 (/opt/ros/humble/share/rmw_implementation_cmake/cmake)
[0.532s] -- Found rmw_fastrtps_cpp: 6.2.6 (/opt/ros/humble/share/rmw_fastrtps_cpp/cmake)
[0.780s] -- Using RMW implementation 'rmw_fastrtps_cpp' as default
[1.148s] -- Found sensor_msgs: 4.2.4 (/opt/ros/humble/share/sensor_msgs/cmake)
[1.358s] -- Found image_geometry: 3.2.1 (/opt/ros/humble/share/image_geometry/cmake)
[1.372s] -- Found cv_bridge: 3.2.1 (/opt/ros/humble/share/cv_bridge/cmake)
[1.448s] -- Configuring done
[1.453s] -- Generating done
[1.455s] [33mCMake Warning:
[1.455s]   Manually-specified variables were not used by the project:
[1.455s] 
[1.455s]     ENABLE_TRANSFORM
[1.455s] 
[1.455s] [0m
[1.455s] -- Build files have been written to: /home/dhruvagarwal/Desktop/ros2_ws/build/lidar_camera_calibration
[1.466s] Invoked command in '/home/dhruvagarwal/Desktop/ros2_ws/build/lidar_camera_calibration' returned '0': CMAKE_PREFIX_PATH=${CMAKE_PREFIX_PATH}:/home/dhruvagarwal/feb-system-integration/perception_ws/install/sensor_fusion:/home/dhruvagarwal/feb-system-integration/perception_ws/install/lidar_perception:/home/dhruvagarwal/feb-system-integration/perception_ws/install/camera_perception:/home/dhruvagarwal/feb-system-integration/perception_ws/install/auto_calibration:/opt/ros/humble /usr/bin/cmake /home/dhruvagarwal/Desktop/ros2_ws/src/lidar_camera_calibration -DENABLE_TRANSFORM=ON -DCMAKE_INSTALL_PREFIX=/home/dhruvagarwal/Desktop/ros2_ws/install/lidar_camera_calibration
[1.468s] Invoking command in '/home/dhruvagarwal/Desktop/ros2_ws/build/lidar_camera_calibration': CMAKE_PREFIX_PATH=${CMAKE_PREFIX_PATH}:/home/dhruvagarwal/feb-system-integration/perception_ws/install/sensor_fusion:/home/dhruvagarwal/feb-system-integration/perception_ws/install/lidar_perception:/home/dhruvagarwal/feb-system-integration/perception_ws/install/camera_perception:/home/dhruvagarwal/feb-system-integration/perception_ws/install/auto_calibration:/opt/ros/humble /usr/bin/cmake --build /home/dhruvagarwal/Desktop/ros2_ws/build/lidar_camera_calibration -- -j2 -l2
[1.569s] Invoked command in '/home/dhruvagarwal/Desktop/ros2_ws/build/lidar_camera_calibration' returned '0': CMAKE_PREFIX_PATH=${CMAKE_PREFIX_PATH}:/home/dhruvagarwal/feb-system-integration/perception_ws/install/sensor_fusion:/home/dhruvagarwal/feb-system-integration/perception_ws/install/lidar_perception:/home/dhruvagarwal/feb-system-integration/perception_ws/install/camera_perception:/home/dhruvagarwal/feb-system-integration/perception_ws/install/auto_calibration:/opt/ros/humble /usr/bin/cmake --build /home/dhruvagarwal/Desktop/ros2_ws/build/lidar_camera_calibration -- -j2 -l2
[1.687s] Invoking command in '/home/dhruvagarwal/Desktop/ros2_ws/build/lidar_camera_calibration': CMAKE_PREFIX_PATH=${CMAKE_PREFIX_PATH}:/home/dhruvagarwal/feb-system-integration/perception_ws/install/sensor_fusion:/home/dhruvagarwal/feb-system-integration/perception_ws/install/lidar_perception:/home/dhruvagarwal/feb-system-integration/perception_ws/install/camera_perception:/home/dhruvagarwal/feb-system-integration/perception_ws/install/auto_calibration:/opt/ros/humble /usr/bin/cmake --install /home/dhruvagarwal/Desktop/ros2_ws/build/lidar_camera_calibration
[1.693s] -- Install configuration: ""
[1.694s] -- Up-to-date: /home/dhruvagarwal/Desktop/ros2_ws/install/lidar_camera_calibration/share/lidar_camera_calibration/launch
[1.694s] -- Up-to-date: /home/dhruvagarwal/Desktop/ros2_ws/install/lidar_camera_calibration/share/lidar_camera_calibration/launch/play_rosbag.launch.py
[1.694s] -- Up-to-date: /home/dhruvagarwal/Desktop/ros2_ws/install/lidar_camera_calibration/share/lidar_camera_calibration/launch/display_camera_lidar_calibration.launch.py
[1.694s] -- Up-to-date: /home/dhruvagarwal/Desktop/ros2_ws/install/lidar_camera_calibration/share/lidar_camera_calibration/launch/display_camera_calibration.launch
[1.694s] -- Up-to-date: /home/dhruvagarwal/Desktop/ros2_ws/install/lidar_camera_calibration/share/lidar_camera_calibration/launch/display_camera_lidar_calibration.launch
[1.694s] -- Up-to-date: /home/dhruvagarwal/Desktop/ros2_ws/install/lidar_camera_calibration/share/lidar_camera_calibration/launch/__pycache__
[1.694s] -- Up-to-date: /home/dhruvagarwal/Desktop/ros2_ws/install/lidar_camera_calibration/share/lidar_camera_calibration/launch/__pycache__/play_rosbag.launch.cpython-310.pyc
[1.695s] -- Up-to-date: /home/dhruvagarwal/Desktop/ros2_ws/install/lidar_camera_calibration/share/lidar_camera_calibration/launch/camera_calibration.launch.py
[1.695s] -- Up-to-date: /home/dhruvagarwal/Desktop/ros2_ws/install/lidar_camera_calibration/share/lidar_camera_calibration/launch/display_camera_calibration.launch.py
[1.695s] -- Up-to-date: /home/dhruvagarwal/Desktop/ros2_ws/install/lidar_camera_calibration/share/lidar_camera_calibration/launch/camera_calibration.launch
[1.695s] -- Up-to-date: /home/dhruvagarwal/Desktop/ros2_ws/install/lidar_camera_calibration/share/lidar_camera_calibration/launch/play_rosbag.launch
[1.695s] -- Installing: /home/dhruvagarwal/Desktop/ros2_ws/install/lidar_camera_calibration/lib/lidar_camera_calibration/calibrate_camera_lidar.py
[1.696s] -- Up-to-date: /home/dhruvagarwal/Desktop/ros2_ws/install/lidar_camera_calibration/share/ament_index/resource_index/package_run_dependencies/lidar_camera_calibration
[1.696s] -- Up-to-date: /home/dhruvagarwal/Desktop/ros2_ws/install/lidar_camera_calibration/share/ament_index/resource_index/parent_prefix_path/lidar_camera_calibration
[1.696s] -- Up-to-date: /home/dhruvagarwal/Desktop/ros2_ws/install/lidar_camera_calibration/share/lidar_camera_calibration/environment/ament_prefix_path.sh
[1.696s] -- Installing: /home/dhruvagarwal/Desktop/ros2_ws/install/lidar_camera_calibration/share/lidar_camera_calibration/environment/ament_prefix_path.dsv
[1.696s] -- Up-to-date: /home/dhruvagarwal/Desktop/ros2_ws/install/lidar_camera_calibration/share/lidar_camera_calibration/environment/path.sh
[1.696s] -- Installing: /home/dhruvagarwal/Desktop/ros2_ws/install/lidar_camera_calibration/share/lidar_camera_calibration/environment/path.dsv
[1.697s] -- Up-to-date: /home/dhruvagarwal/Desktop/ros2_ws/install/lidar_camera_calibration/share/lidar_camera_calibration/local_setup.bash
[1.697s] -- Up-to-date: /home/dhruvagarwal/Desktop/ros2_ws/install/lidar_camera_calibration/share/lidar_camera_calibration/local_setup.sh
[1.698s] -- Up-to-date: /home/dhruvagarwal/Desktop/ros2_ws/install/lidar_camera_calibration/share/lidar_camera_calibration/local_setup.zsh
[1.698s] -- Installing: /home/dhruvagarwal/Desktop/ros2_ws/install/lidar_camera_calibration/share/lidar_camera_calibration/local_setup.dsv
[1.698s] -- Installing: /home/dhruvagarwal/Desktop/ros2_ws/install/lidar_camera_calibration/share/lidar_camera_calibration/package.dsv
[1.698s] -- Up-to-date: /home/dhruvagarwal/Desktop/ros2_ws/install/lidar_camera_calibration/share/ament_index/resource_index/packages/lidar_camera_calibration
[1.698s] -- Up-to-date: /home/dhruvagarwal/Desktop/ros2_ws/install/lidar_camera_calibration/share/lidar_camera_calibration/cmake/lidar_camera_calibrationConfig.cmake
[1.698s] -- Up-to-date: /home/dhruvagarwal/Desktop/ros2_ws/install/lidar_camera_calibration/share/lidar_camera_calibration/cmake/lidar_camera_calibrationConfig-version.cmake
[1.698s] -- Up-to-date: /home/dhruvagarwal/Desktop/ros2_ws/install/lidar_camera_calibration/share/lidar_camera_calibration/package.xml
[1.702s] Invoked command in '/home/dhruvagarwal/Desktop/ros2_ws/build/lidar_camera_calibration' returned '0': CMAKE_PREFIX_PATH=${CMAKE_PREFIX_PATH}:/home/dhruvagarwal/feb-system-integration/perception_ws/install/sensor_fusion:/home/dhruvagarwal/feb-system-integration/perception_ws/install/lidar_perception:/home/dhruvagarwal/feb-system-integration/perception_ws/install/camera_perception:/home/dhruvagarwal/feb-system-integration/perception_ws/install/auto_calibration:/opt/ros/humble /usr/bin/cmake --install /home/dhruvagarwal/Desktop/ros2_ws/build/lidar_camera_calibration
