[0.057s] Invoking command in '/home/dhruvagarwal/Desktop/ros2_ws/build/lidar_camera_calibration': CMAKE_PREFIX_PATH=${CMAKE_PREFIX_PATH}:/home/dhruvagarwal/feb-system-integration/perception_ws/install/sensor_fusion:/home/dhruvagarwal/feb-system-integration/perception_ws/install/lidar_perception:/home/dhruvagarwal/feb-system-integration/perception_ws/install/camera_perception:/home/dhruvagarwal/feb-system-integration/perception_ws/install/auto_calibration:/opt/ros/humble /usr/bin/cmake /home/dhruvagarwal/Desktop/ros2_ws/src/lidar_camera_calibration -DCMAKE_INSTALL_PREFIX=/home/dhruvagarwal/Desktop/ros2_ws/install/lidar_camera_calibration
[0.263s] -- The C compiler identification is GNU 11.4.0
[0.446s] -- The CXX compiler identification is GNU 11.4.0
[0.490s] -- Detecting C compiler ABI info
[0.665s] -- Detecting C compiler ABI info - done
[0.695s] -- Check for working C compiler: /usr/bin/cc - skipped
[0.696s] -- Detecting C compile features
[0.702s] -- Detecting C compile features - done
[0.713s] -- Detecting CXX compiler ABI info
[0.956s] -- Detecting CXX compiler ABI info - done
[0.965s] -- Check for working CXX compiler: /usr/bin/c++ - skipped
[0.965s] -- Detecting CXX compile features
[0.966s] -- Detecting CXX compile features - done
[0.994s] -- Found ament_cmake: 1.3.9 (/opt/ros/humble/share/ament_cmake/cmake)
[1.327s] -- Found Python3: /usr/bin/python3 (found version "3.10.12") found components: Interpreter 
[1.571s] -- Found rclcpp: 16.0.9 (/opt/ros/humble/share/rclcpp/cmake)
[1.635s] -- Found rosidl_generator_c: 3.1.5 (/opt/ros/humble/share/rosidl_generator_c/cmake)
[1.639s] -- Found rosidl_adapter: 3.1.5 (/opt/ros/humble/share/rosidl_adapter/cmake)
[1.651s] -- Found rosidl_generator_cpp: 3.1.5 (/opt/ros/humble/share/rosidl_generator_cpp/cmake)
[1.750s] -- Using all available rosidl_typesupport_c: rosidl_typesupport_fastrtps_c;rosidl_typesupport_introspection_c
[1.836s] -- Using all available rosidl_typesupport_cpp: rosidl_typesupport_fastrtps_cpp;rosidl_typesupport_introspection_cpp
[2.102s] -- Found rmw_implementation_cmake: 6.1.2 (/opt/ros/humble/share/rmw_implementation_cmake/cmake)
[2.102s] -- Found rmw_fastrtps_cpp: 6.2.6 (/opt/ros/humble/share/rmw_fastrtps_cpp/cmake)
[2.512s] -- Found OpenSSL: /usr/lib/aarch64-linux-gnu/libcrypto.so (found version "3.0.2")  
[2.579s] -- Found FastRTPS: /opt/ros/humble/include  
[2.623s] -- Using RMW implementation 'rmw_fastrtps_cpp' as default
[2.641s] -- Looking for pthread.h
[2.826s] -- Looking for pthread.h - found
[2.827s] -- Performing Test CMAKE_HAVE_LIBC_PTHREAD
[3.056s] -- Performing Test CMAKE_HAVE_LIBC_PTHREAD - Success
[3.057s] -- Found Threads: TRUE  
[3.690s] -- Found sensor_msgs: 4.2.4 (/opt/ros/humble/share/sensor_msgs/cmake)
[4.334s] -- Found image_geometry: 3.2.1 (/opt/ros/humble/share/image_geometry/cmake)
[4.358s] -- Found cv_bridge: 3.2.1 (/opt/ros/humble/share/cv_bridge/cmake)
[4.533s] -- Configuring done
[4.533s] -- Generating done
[4.533s] -- Build files have been written to: /home/dhruvagarwal/Desktop/ros2_ws/build/lidar_camera_calibration
[4.556s] Invoked command in '/home/dhruvagarwal/Desktop/ros2_ws/build/lidar_camera_calibration' returned '0': CMAKE_PREFIX_PATH=${CMAKE_PREFIX_PATH}:/home/dhruvagarwal/feb-system-integration/perception_ws/install/sensor_fusion:/home/dhruvagarwal/feb-system-integration/perception_ws/install/lidar_perception:/home/dhruvagarwal/feb-system-integration/perception_ws/install/camera_perception:/home/dhruvagarwal/feb-system-integration/perception_ws/install/auto_calibration:/opt/ros/humble /usr/bin/cmake /home/dhruvagarwal/Desktop/ros2_ws/src/lidar_camera_calibration -DCMAKE_INSTALL_PREFIX=/home/dhruvagarwal/Desktop/ros2_ws/install/lidar_camera_calibration
[4.557s] Invoking command in '/home/dhruvagarwal/Desktop/ros2_ws/build/lidar_camera_calibration': CMAKE_PREFIX_PATH=${CMAKE_PREFIX_PATH}:/home/dhruvagarwal/feb-system-integration/perception_ws/install/sensor_fusion:/home/dhruvagarwal/feb-system-integration/perception_ws/install/lidar_perception:/home/dhruvagarwal/feb-system-integration/perception_ws/install/camera_perception:/home/dhruvagarwal/feb-system-integration/perception_ws/install/auto_calibration:/opt/ros/humble /usr/bin/cmake --build /home/dhruvagarwal/Desktop/ros2_ws/build/lidar_camera_calibration -- -j2 -l2
[4.693s] Invoked command in '/home/dhruvagarwal/Desktop/ros2_ws/build/lidar_camera_calibration' returned '0': CMAKE_PREFIX_PATH=${CMAKE_PREFIX_PATH}:/home/dhruvagarwal/feb-system-integration/perception_ws/install/sensor_fusion:/home/dhruvagarwal/feb-system-integration/perception_ws/install/lidar_perception:/home/dhruvagarwal/feb-system-integration/perception_ws/install/camera_perception:/home/dhruvagarwal/feb-system-integration/perception_ws/install/auto_calibration:/opt/ros/humble /usr/bin/cmake --build /home/dhruvagarwal/Desktop/ros2_ws/build/lidar_camera_calibration -- -j2 -l2
[4.848s] Invoking command in '/home/dhruvagarwal/Desktop/ros2_ws/build/lidar_camera_calibration': CMAKE_PREFIX_PATH=${CMAKE_PREFIX_PATH}:/home/dhruvagarwal/feb-system-integration/perception_ws/install/sensor_fusion:/home/dhruvagarwal/feb-system-integration/perception_ws/install/lidar_perception:/home/dhruvagarwal/feb-system-integration/perception_ws/install/camera_perception:/home/dhruvagarwal/feb-system-integration/perception_ws/install/auto_calibration:/opt/ros/humble /usr/bin/cmake --install /home/dhruvagarwal/Desktop/ros2_ws/build/lidar_camera_calibration
[4.887s] -- Install configuration: ""
[4.890s] -- Installing: /home/dhruvagarwal/Desktop/ros2_ws/install/lidar_camera_calibration/share/lidar_camera_calibration/launch
[4.890s] -- Installing: /home/dhruvagarwal/Desktop/ros2_ws/install/lidar_camera_calibration/share/lidar_camera_calibration/launch/play_rosbag.launch.py
[4.892s] -- Installing: /home/dhruvagarwal/Desktop/ros2_ws/install/lidar_camera_calibration/share/lidar_camera_calibration/launch/display_camera_lidar_calibration.launch.py
[4.892s] -- Installing: /home/dhruvagarwal/Desktop/ros2_ws/install/lidar_camera_calibration/share/lidar_camera_calibration/launch/display_camera_calibration.launch
[4.893s] -- Installing: /home/dhruvagarwal/Desktop/ros2_ws/install/lidar_camera_calibration/share/lidar_camera_calibration/launch/display_camera_lidar_calibration.launch
[4.893s] -- Installing: /home/dhruvagarwal/Desktop/ros2_ws/install/lidar_camera_calibration/share/lidar_camera_calibration/launch/__pycache__
[4.893s] -- Installing: /home/dhruvagarwal/Desktop/ros2_ws/install/lidar_camera_calibration/share/lidar_camera_calibration/launch/__pycache__/play_rosbag.launch.cpython-310.pyc
[4.893s] -- Installing: /home/dhruvagarwal/Desktop/ros2_ws/install/lidar_camera_calibration/share/lidar_camera_calibration/launch/camera_calibration.launch.py
[4.894s] -- Installing: /home/dhruvagarwal/Desktop/ros2_ws/install/lidar_camera_calibration/share/lidar_camera_calibration/launch/display_camera_calibration.launch.py
[4.894s] -- Installing: /home/dhruvagarwal/Desktop/ros2_ws/install/lidar_camera_calibration/share/lidar_camera_calibration/launch/camera_calibration.launch
[4.897s] -- Installing: /home/dhruvagarwal/Desktop/ros2_ws/install/lidar_camera_calibration/share/lidar_camera_calibration/launch/play_rosbag.launch
[4.897s] -- Installing: /home/dhruvagarwal/Desktop/ros2_ws/install/lidar_camera_calibration/lib/lidar_camera_calibration/calibrate_camera_lidar.py
[4.897s] -- Installing: /home/dhruvagarwal/Desktop/ros2_ws/install/lidar_camera_calibration/share/ament_index/resource_index/package_run_dependencies/lidar_camera_calibration
[4.897s] -- Installing: /home/dhruvagarwal/Desktop/ros2_ws/install/lidar_camera_calibration/share/ament_index/resource_index/parent_prefix_path/lidar_camera_calibration
[4.897s] -- Installing: /home/dhruvagarwal/Desktop/ros2_ws/install/lidar_camera_calibration/share/lidar_camera_calibration/environment/ament_prefix_path.sh
[4.897s] -- Installing: /home/dhruvagarwal/Desktop/ros2_ws/install/lidar_camera_calibration/share/lidar_camera_calibration/environment/ament_prefix_path.dsv
[4.897s] -- Installing: /home/dhruvagarwal/Desktop/ros2_ws/install/lidar_camera_calibration/share/lidar_camera_calibration/environment/path.sh
[4.897s] -- Installing: /home/dhruvagarwal/Desktop/ros2_ws/install/lidar_camera_calibration/share/lidar_camera_calibration/environment/path.dsv
[4.897s] -- Installing: /home/dhruvagarwal/Desktop/ros2_ws/install/lidar_camera_calibration/share/lidar_camera_calibration/local_setup.bash
[4.897s] -- Installing: /home/dhruvagarwal/Desktop/ros2_ws/install/lidar_camera_calibration/share/lidar_camera_calibration/local_setup.sh
[4.897s] -- Installing: /home/dhruvagarwal/Desktop/ros2_ws/install/lidar_camera_calibration/share/lidar_camera_calibration/local_setup.zsh
[4.898s] -- Installing: /home/dhruvagarwal/Desktop/ros2_ws/install/lidar_camera_calibration/share/lidar_camera_calibration/local_setup.dsv
[4.898s] -- Installing: /home/dhruvagarwal/Desktop/ros2_ws/install/lidar_camera_calibration/share/lidar_camera_calibration/package.dsv
[4.898s] -- Installing: /home/dhruvagarwal/Desktop/ros2_ws/install/lidar_camera_calibration/share/ament_index/resource_index/packages/lidar_camera_calibration
[4.898s] -- Installing: /home/dhruvagarwal/Desktop/ros2_ws/install/lidar_camera_calibration/share/lidar_camera_calibration/cmake/lidar_camera_calibrationConfig.cmake
[4.898s] -- Installing: /home/dhruvagarwal/Desktop/ros2_ws/install/lidar_camera_calibration/share/lidar_camera_calibration/cmake/lidar_camera_calibrationConfig-version.cmake
[4.898s] -- Installing: /home/dhruvagarwal/Desktop/ros2_ws/install/lidar_camera_calibration/share/lidar_camera_calibration/package.xml
[4.900s] Invoked command in '/home/dhruvagarwal/Desktop/ros2_ws/build/lidar_camera_calibration' returned '0': CMAKE_PREFIX_PATH=${CMAKE_PREFIX_PATH}:/home/dhruvagarwal/feb-system-integration/perception_ws/install/sensor_fusion:/home/dhruvagarwal/feb-system-integration/perception_ws/install/lidar_perception:/home/dhruvagarwal/feb-system-integration/perception_ws/install/camera_perception:/home/dhruvagarwal/feb-system-integration/perception_ws/install/auto_calibration:/opt/ros/humble /usr/bin/cmake --install /home/dhruvagarwal/Desktop/ros2_ws/build/lidar_camera_calibration
