-- Install configuration: ""
-- Up-to-date: /home/dhruvagarwal/Desktop/ros2_ws/install/lidar_camera_calibration/share/lidar_camera_calibration/launch
-- Up-to-date: /home/dhruvagarwal/Desktop/ros2_ws/install/lidar_camera_calibration/share/lidar_camera_calibration/launch/play_rosbag.launch.py
-- Up-to-date: /home/dhruvagarwal/Desktop/ros2_ws/install/lidar_camera_calibration/share/lidar_camera_calibration/launch/display_camera_lidar_calibration.launch.py
-- Up-to-date: /home/dhruvagarwal/Desktop/ros2_ws/install/lidar_camera_calibration/share/lidar_camera_calibration/launch/display_camera_calibration.launch
-- Up-to-date: /home/dhruvagarwal/Desktop/ros2_ws/install/lidar_camera_calibration/share/lidar_camera_calibration/launch/display_camera_lidar_calibration.launch
-- Up-to-date: /home/dhruvagarwal/Desktop/ros2_ws/install/lidar_camera_calibration/share/lidar_camera_calibration/launch/__pycache__
-- Up-to-date: /home/dhruvagarwal/Desktop/ros2_ws/install/lidar_camera_calibration/share/lidar_camera_calibration/launch/__pycache__/play_rosbag.launch.cpython-310.pyc
-- Up-to-date: /home/dhruvagarwal/Desktop/ros2_ws/install/lidar_camera_calibration/share/lidar_camera_calibration/launch/camera_calibration.launch.py
-- Up-to-date: /home/dhruvagarwal/Desktop/ros2_ws/install/lidar_camera_calibration/share/lidar_camera_calibration/launch/display_camera_calibration.launch.py
-- Up-to-date: /home/dhruvagarwal/Desktop/ros2_ws/install/lidar_camera_calibration/share/lidar_camera_calibration/launch/camera_calibration.launch
-- Up-to-date: /home/dhruvagarwal/Desktop/ros2_ws/install/lidar_camera_calibration/share/lidar_camera_calibration/launch/play_rosbag.launch
-- Installing: /home/dhruvagarwal/Desktop/ros2_ws/install/lidar_camera_calibration/lib/lidar_camera_calibration/calibrate_camera_lidar.py
-- Up-to-date: /home/dhruvagarwal/Desktop/ros2_ws/install/lidar_camera_calibration/share/ament_index/resource_index/package_run_dependencies/lidar_camera_calibration
-- Up-to-date: /home/dhruvagarwal/Desktop/ros2_ws/install/lidar_camera_calibration/share/ament_index/resource_index/parent_prefix_path/lidar_camera_calibration
-- Up-to-date: /home/dhruvagarwal/Desktop/ros2_ws/install/lidar_camera_calibration/share/lidar_camera_calibration/environment/ament_prefix_path.sh
-- Up-to-date: /home/dhruvagarwal/Desktop/ros2_ws/install/lidar_camera_calibration/share/lidar_camera_calibration/environment/ament_prefix_path.dsv
-- Up-to-date: /home/dhruvagarwal/Desktop/ros2_ws/install/lidar_camera_calibration/share/lidar_camera_calibration/environment/path.sh
-- Up-to-date: /home/dhruvagarwal/Desktop/ros2_ws/install/lidar_camera_calibration/share/lidar_camera_calibration/environment/path.dsv
-- Up-to-date: /home/dhruvagarwal/Desktop/ros2_ws/install/lidar_camera_calibration/share/lidar_camera_calibration/local_setup.bash
-- Up-to-date: /home/dhruvagarwal/Desktop/ros2_ws/install/lidar_camera_calibration/share/lidar_camera_calibration/local_setup.sh
-- Up-to-date: /home/dhruvagarwal/Desktop/ros2_ws/install/lidar_camera_calibration/share/lidar_camera_calibration/local_setup.zsh
-- Up-to-date: /home/dhruvagarwal/Desktop/ros2_ws/install/lidar_camera_calibration/share/lidar_camera_calibration/local_setup.dsv
-- Up-to-date: /home/dhruvagarwal/Desktop/ros2_ws/install/lidar_camera_calibration/share/lidar_camera_calibration/package.dsv
-- Up-to-date: /home/dhruvagarwal/Desktop/ros2_ws/install/lidar_camera_calibration/share/ament_index/resource_index/packages/lidar_camera_calibration
-- Up-to-date: /home/dhruvagarwal/Desktop/ros2_ws/install/lidar_camera_calibration/share/lidar_camera_calibration/cmake/lidar_camera_calibrationConfig.cmake
-- Up-to-date: /home/dhruvagarwal/Desktop/ros2_ws/install/lidar_camera_calibration/share/lidar_camera_calibration/cmake/lidar_camera_calibrationConfig-version.cmake
-- Up-to-date: /home/dhruvagarwal/Desktop/ros2_ws/install/lidar_camera_calibration/share/lidar_camera_calibration/package.xml
