[0.078s] Invoking command in '/home/dhruvagarwal/Desktop/ros2_ws/build/lidar_camera_calibration': CMAKE_PREFIX_PATH=${CMAKE_PREFIX_PATH}:/home/dhruvagarwal/feb-system-integration/perception_ws/install/sensor_fusion:/home/dhruvagarwal/feb-system-integration/perception_ws/install/lidar_perception:/home/dhruvagarwal/feb-system-integration/perception_ws/install/camera_perception:/home/dhruvagarwal/feb-system-integration/perception_ws/install/auto_calibration:/opt/ros/humble /usr/bin/cmake /home/dhruvagarwal/Desktop/ros2_ws/src/lidar_camera_calibration -DCMAKE_INSTALL_PREFIX=/home/dhruvagarwal/Desktop/ros2_ws/install/lidar_camera_calibration
[0.158s] -- Found ament_cmake: 1.3.9 (/opt/ros/humble/share/ament_cmake/cmake)
[0.675s] -- Found rclcpp: 16.0.9 (/opt/ros/humble/share/rclcpp/cmake)
[0.868s] -- Found rosidl_generator_c: 3.1.5 (/opt/ros/humble/share/rosidl_generator_c/cmake)
[0.869s] -- Found rosidl_adapter: 3.1.5 (/opt/ros/humble/share/rosidl_adapter/cmake)
[0.888s] -- Found rosidl_generator_cpp: 3.1.5 (/opt/ros/humble/share/rosidl_generator_cpp/cmake)
[0.936s] -- Using all available rosidl_typesupport_c: rosidl_typesupport_fastrtps_c;rosidl_typesupport_introspection_c
[0.986s] -- Using all available rosidl_typesupport_cpp: rosidl_typesupport_fastrtps_cpp;rosidl_typesupport_introspection_cpp
[1.351s] -- Found rmw_implementation_cmake: 6.1.2 (/opt/ros/humble/share/rmw_implementation_cmake/cmake)
[1.366s] -- Found rmw_fastrtps_cpp: 6.2.6 (/opt/ros/humble/share/rmw_fastrtps_cpp/cmake)
[1.940s] -- Using RMW implementation 'rmw_fastrtps_cpp' as default
[2.347s] -- Found sensor_msgs: 4.2.4 (/opt/ros/humble/share/sensor_msgs/cmake)
[3.103s] -- Found image_geometry: 3.2.1 (/opt/ros/humble/share/image_geometry/cmake)
[3.170s] -- Found cv_bridge: 3.2.1 (/opt/ros/humble/share/cv_bridge/cmake)
[3.461s] -- Configuring done
[3.502s] -- Generating done
[3.511s] -- Build files have been written to: /home/dhruvagarwal/Desktop/ros2_ws/build/lidar_camera_calibration
[3.551s] Invoked command in '/home/dhruvagarwal/Desktop/ros2_ws/build/lidar_camera_calibration' returned '0': CMAKE_PREFIX_PATH=${CMAKE_PREFIX_PATH}:/home/dhruvagarwal/feb-system-integration/perception_ws/install/sensor_fusion:/home/dhruvagarwal/feb-system-integration/perception_ws/install/lidar_perception:/home/dhruvagarwal/feb-system-integration/perception_ws/install/camera_perception:/home/dhruvagarwal/feb-system-integration/perception_ws/install/auto_calibration:/opt/ros/humble /usr/bin/cmake /home/dhruvagarwal/Desktop/ros2_ws/src/lidar_camera_calibration -DCMAKE_INSTALL_PREFIX=/home/dhruvagarwal/Desktop/ros2_ws/install/lidar_camera_calibration
[3.553s] Invoking command in '/home/dhruvagarwal/Desktop/ros2_ws/build/lidar_camera_calibration': CMAKE_PREFIX_PATH=${CMAKE_PREFIX_PATH}:/home/dhruvagarwal/feb-system-integration/perception_ws/install/sensor_fusion:/home/dhruvagarwal/feb-system-integration/perception_ws/install/lidar_perception:/home/dhruvagarwal/feb-system-integration/perception_ws/install/camera_perception:/home/dhruvagarwal/feb-system-integration/perception_ws/install/auto_calibration:/opt/ros/humble /usr/bin/cmake --build /home/dhruvagarwal/Desktop/ros2_ws/build/lidar_camera_calibration -- -j2 -l2
[3.832s] Invoked command in '/home/dhruvagarwal/Desktop/ros2_ws/build/lidar_camera_calibration' returned '0': CMAKE_PREFIX_PATH=${CMAKE_PREFIX_PATH}:/home/dhruvagarwal/feb-system-integration/perception_ws/install/sensor_fusion:/home/dhruvagarwal/feb-system-integration/perception_ws/install/lidar_perception:/home/dhruvagarwal/feb-system-integration/perception_ws/install/camera_perception:/home/dhruvagarwal/feb-system-integration/perception_ws/install/auto_calibration:/opt/ros/humble /usr/bin/cmake --build /home/dhruvagarwal/Desktop/ros2_ws/build/lidar_camera_calibration -- -j2 -l2
[4.084s] Invoking command in '/home/dhruvagarwal/Desktop/ros2_ws/build/lidar_camera_calibration': CMAKE_PREFIX_PATH=${CMAKE_PREFIX_PATH}:/home/dhruvagarwal/feb-system-integration/perception_ws/install/sensor_fusion:/home/dhruvagarwal/feb-system-integration/perception_ws/install/lidar_perception:/home/dhruvagarwal/feb-system-integration/perception_ws/install/camera_perception:/home/dhruvagarwal/feb-system-integration/perception_ws/install/auto_calibration:/opt/ros/humble /usr/bin/cmake --install /home/dhruvagarwal/Desktop/ros2_ws/build/lidar_camera_calibration
[4.089s] -- Install configuration: ""
[4.089s] -- Up-to-date: /home/dhruvagarwal/Desktop/ros2_ws/install/lidar_camera_calibration/share/lidar_camera_calibration/launch
[4.089s] -- Up-to-date: /home/dhruvagarwal/Desktop/ros2_ws/install/lidar_camera_calibration/share/lidar_camera_calibration/launch/play_rosbag.launch.py
[4.089s] -- Up-to-date: /home/dhruvagarwal/Desktop/ros2_ws/install/lidar_camera_calibration/share/lidar_camera_calibration/launch/display_camera_lidar_calibration.launch.py
[4.089s] -- Up-to-date: /home/dhruvagarwal/Desktop/ros2_ws/install/lidar_camera_calibration/share/lidar_camera_calibration/launch/display_camera_calibration.launch
[4.089s] -- Up-to-date: /home/dhruvagarwal/Desktop/ros2_ws/install/lidar_camera_calibration/share/lidar_camera_calibration/launch/display_camera_lidar_calibration.launch
[4.089s] -- Up-to-date: /home/dhruvagarwal/Desktop/ros2_ws/install/lidar_camera_calibration/share/lidar_camera_calibration/launch/__pycache__
[4.089s] -- Up-to-date: /home/dhruvagarwal/Desktop/ros2_ws/install/lidar_camera_calibration/share/lidar_camera_calibration/launch/__pycache__/play_rosbag.launch.cpython-310.pyc
[4.089s] -- Up-to-date: /home/dhruvagarwal/Desktop/ros2_ws/install/lidar_camera_calibration/share/lidar_camera_calibration/launch/camera_calibration.launch.py
[4.089s] -- Up-to-date: /home/dhruvagarwal/Desktop/ros2_ws/install/lidar_camera_calibration/share/lidar_camera_calibration/launch/display_camera_calibration.launch.py
[4.089s] -- Up-to-date: /home/dhruvagarwal/Desktop/ros2_ws/install/lidar_camera_calibration/share/lidar_camera_calibration/launch/camera_calibration.launch
[4.089s] -- Up-to-date: /home/dhruvagarwal/Desktop/ros2_ws/install/lidar_camera_calibration/share/lidar_camera_calibration/launch/play_rosbag.launch
[4.089s] -- Installing: /home/dhruvagarwal/Desktop/ros2_ws/install/lidar_camera_calibration/lib/lidar_camera_calibration/calibrate_camera_lidar.py
[4.089s] -- Up-to-date: /home/dhruvagarwal/Desktop/ros2_ws/install/lidar_camera_calibration/share/ament_index/resource_index/package_run_dependencies/lidar_camera_calibration
[4.089s] -- Up-to-date: /home/dhruvagarwal/Desktop/ros2_ws/install/lidar_camera_calibration/share/ament_index/resource_index/parent_prefix_path/lidar_camera_calibration
[4.090s] -- Up-to-date: /home/dhruvagarwal/Desktop/ros2_ws/install/lidar_camera_calibration/share/lidar_camera_calibration/environment/ament_prefix_path.sh
[4.090s] -- Installing: /home/dhruvagarwal/Desktop/ros2_ws/install/lidar_camera_calibration/share/lidar_camera_calibration/environment/ament_prefix_path.dsv
[4.090s] -- Up-to-date: /home/dhruvagarwal/Desktop/ros2_ws/install/lidar_camera_calibration/share/lidar_camera_calibration/environment/path.sh
[4.090s] -- Installing: /home/dhruvagarwal/Desktop/ros2_ws/install/lidar_camera_calibration/share/lidar_camera_calibration/environment/path.dsv
[4.090s] -- Up-to-date: /home/dhruvagarwal/Desktop/ros2_ws/install/lidar_camera_calibration/share/lidar_camera_calibration/local_setup.bash
[4.090s] -- Up-to-date: /home/dhruvagarwal/Desktop/ros2_ws/install/lidar_camera_calibration/share/lidar_camera_calibration/local_setup.sh
[4.090s] -- Up-to-date: /home/dhruvagarwal/Desktop/ros2_ws/install/lidar_camera_calibration/share/lidar_camera_calibration/local_setup.zsh
[4.090s] -- Installing: /home/dhruvagarwal/Desktop/ros2_ws/install/lidar_camera_calibration/share/lidar_camera_calibration/local_setup.dsv
[4.090s] -- Installing: /home/dhruvagarwal/Desktop/ros2_ws/install/lidar_camera_calibration/share/lidar_camera_calibration/package.dsv
[4.090s] -- Up-to-date: /home/dhruvagarwal/Desktop/ros2_ws/install/lidar_camera_calibration/share/ament_index/resource_index/packages/lidar_camera_calibration
[4.090s] -- Up-to-date: /home/dhruvagarwal/Desktop/ros2_ws/install/lidar_camera_calibration/share/lidar_camera_calibration/cmake/lidar_camera_calibrationConfig.cmake
[4.090s] -- Up-to-date: /home/dhruvagarwal/Desktop/ros2_ws/install/lidar_camera_calibration/share/lidar_camera_calibration/cmake/lidar_camera_calibrationConfig-version.cmake
[4.090s] -- Up-to-date: /home/dhruvagarwal/Desktop/ros2_ws/install/lidar_camera_calibration/share/lidar_camera_calibration/package.xml
[4.092s] Invoked command in '/home/dhruvagarwal/Desktop/ros2_ws/build/lidar_camera_calibration' returned '0': CMAKE_PREFIX_PATH=${CMAKE_PREFIX_PATH}:/home/dhruvagarwal/feb-system-integration/perception_ws/install/sensor_fusion:/home/dhruvagarwal/feb-system-integration/perception_ws/install/lidar_perception:/home/dhruvagarwal/feb-system-integration/perception_ws/install/camera_perception:/home/dhruvagarwal/feb-system-integration/perception_ws/install/auto_calibration:/opt/ros/humble /usr/bin/cmake --install /home/dhruvagarwal/Desktop/ros2_ws/build/lidar_camera_calibration
