[0.125s] DEBUG:colcon:Command line arguments: ['/usr/bin/colcon', 'build']
[0.125s] DEBUG:colcon:Parsed command line arguments: Namespace(log_base=None, log_level=None, verb_name='build', build_base='build', install_base='install', merge_install=False, symlink_install=False, test_result_base=None, continue_on_error=False, executor='parallel', parallel_workers=2, event_handlers=None, ignore_user_meta=False, metas=['./colcon.meta'], base_paths=['.'], packages_ignore=None, packages_ignore_regex=None, paths=None, packages_up_to=None, packages_up_to_regex=None, packages_above=None, packages_above_and_dependencies=None, packages_above_depth=None, packages_select_by_dep=None, packages_skip_by_dep=None, packages_skip_up_to=None, packages_select_build_failed=False, packages_skip_build_finished=False, packages_select_test_failures=False, packages_skip_test_passed=False, packages_select=None, packages_skip=None, packages_select_regex=None, packages_skip_regex=None, packages_start=None, packages_end=None, allow_overriding=[], cmake_args=None, cmake_target=None, cmake_target_skip_unavailable=False, cmake_clean_cache=False, cmake_clean_first=False, cmake_force_configure=False, ament_cmake_args=None, catkin_cmake_args=None, catkin_skip_building_tests=False, verb_parser=<colcon_defaults.argument_parser.defaults.DefaultArgumentsDecorator object at 0xffffbd3c5b70>, verb_extension=<colcon_core.verb.build.BuildVerb object at 0xffffbd4bf160>, main=<bound method BuildVerb.main of <colcon_core.verb.build.BuildVerb object at 0xffffbd4bf160>>)
[0.339s] Level 1:colcon.colcon_core.package_discovery:discover_packages(colcon_meta) check parameters
[0.339s] Level 1:colcon.colcon_core.package_discovery:discover_packages(recursive) check parameters
[0.339s] Level 1:colcon.colcon_core.package_discovery:discover_packages(ignore) check parameters
[0.339s] Level 1:colcon.colcon_core.package_discovery:discover_packages(path) check parameters
[0.339s] Level 1:colcon.colcon_core.package_discovery:discover_packages(colcon_meta) discover
[0.339s] Level 1:colcon.colcon_core.package_discovery:discover_packages(recursive) discover
[0.339s] INFO:colcon.colcon_core.package_discovery:Crawling recursively for packages in '/home/dhruvagarwal/Desktop/ros2_ws'
[0.339s] Level 1:colcon.colcon_core.package_identification:_identify(.) by extensions ['ignore', 'ignore_ament_install']
[0.339s] Level 1:colcon.colcon_core.package_identification:_identify(.) by extension 'ignore'
[0.339s] Level 1:colcon.colcon_core.package_identification:_identify(.) by extension 'ignore_ament_install'
[0.339s] Level 1:colcon.colcon_core.package_identification:_identify(.) by extensions ['colcon_pkg']
[0.339s] Level 1:colcon.colcon_core.package_identification:_identify(.) by extension 'colcon_pkg'
[0.339s] Level 1:colcon.colcon_core.package_identification:_identify(.) by extensions ['colcon_meta']
[0.339s] Level 1:colcon.colcon_core.package_identification:_identify(.) by extension 'colcon_meta'
[0.339s] Level 1:colcon.colcon_core.package_identification:_identify(.) by extensions ['ros']
[0.339s] Level 1:colcon.colcon_core.package_identification:_identify(.) by extension 'ros'
[0.351s] Level 1:colcon.colcon_core.package_identification:_identify(.) by extensions ['cmake', 'python']
[0.351s] Level 1:colcon.colcon_core.package_identification:_identify(.) by extension 'cmake'
[0.351s] Level 1:colcon.colcon_core.package_identification:_identify(.) by extension 'python'
[0.351s] Level 1:colcon.colcon_core.package_identification:_identify(.) by extensions ['python_setup_py']
[0.351s] Level 1:colcon.colcon_core.package_identification:_identify(.) by extension 'python_setup_py'
[0.361s] Level 1:colcon.colcon_core.package_identification:_identify(build) by extensions ['ignore', 'ignore_ament_install']
[0.361s] Level 1:colcon.colcon_core.package_identification:_identify(build) by extension 'ignore'
[0.361s] Level 1:colcon.colcon_core.package_identification:_identify(build) ignored
[0.361s] Level 1:colcon.colcon_core.package_identification:_identify(install) by extensions ['ignore', 'ignore_ament_install']
[0.361s] Level 1:colcon.colcon_core.package_identification:_identify(install) by extension 'ignore'
[0.361s] Level 1:colcon.colcon_core.package_identification:_identify(install) ignored
[0.362s] Level 1:colcon.colcon_core.package_identification:_identify(log) by extensions ['ignore', 'ignore_ament_install']
[0.362s] Level 1:colcon.colcon_core.package_identification:_identify(log) by extension 'ignore'
[0.362s] Level 1:colcon.colcon_core.package_identification:_identify(log) ignored
[0.362s] Level 1:colcon.colcon_core.package_identification:_identify(src) by extensions ['ignore', 'ignore_ament_install']
[0.362s] Level 1:colcon.colcon_core.package_identification:_identify(src) by extension 'ignore'
[0.362s] Level 1:colcon.colcon_core.package_identification:_identify(src) by extension 'ignore_ament_install'
[0.362s] Level 1:colcon.colcon_core.package_identification:_identify(src) by extensions ['colcon_pkg']
[0.362s] Level 1:colcon.colcon_core.package_identification:_identify(src) by extension 'colcon_pkg'
[0.362s] Level 1:colcon.colcon_core.package_identification:_identify(src) by extensions ['colcon_meta']
[0.362s] Level 1:colcon.colcon_core.package_identification:_identify(src) by extension 'colcon_meta'
[0.362s] Level 1:colcon.colcon_core.package_identification:_identify(src) by extensions ['ros']
[0.362s] Level 1:colcon.colcon_core.package_identification:_identify(src) by extension 'ros'
[0.362s] Level 1:colcon.colcon_core.package_identification:_identify(src) by extensions ['cmake', 'python']
[0.362s] Level 1:colcon.colcon_core.package_identification:_identify(src) by extension 'cmake'
[0.362s] Level 1:colcon.colcon_core.package_identification:_identify(src) by extension 'python'
[0.362s] Level 1:colcon.colcon_core.package_identification:_identify(src) by extensions ['python_setup_py']
[0.362s] Level 1:colcon.colcon_core.package_identification:_identify(src) by extension 'python_setup_py'
[0.362s] Level 1:colcon.colcon_core.package_identification:_identify(src/lidar_camera_calibration) by extensions ['ignore', 'ignore_ament_install']
[0.362s] Level 1:colcon.colcon_core.package_identification:_identify(src/lidar_camera_calibration) by extension 'ignore'
[0.362s] Level 1:colcon.colcon_core.package_identification:_identify(src/lidar_camera_calibration) by extension 'ignore_ament_install'
[0.362s] Level 1:colcon.colcon_core.package_identification:_identify(src/lidar_camera_calibration) by extensions ['colcon_pkg']
[0.362s] Level 1:colcon.colcon_core.package_identification:_identify(src/lidar_camera_calibration) by extension 'colcon_pkg'
[0.362s] Level 1:colcon.colcon_core.package_identification:_identify(src/lidar_camera_calibration) by extensions ['colcon_meta']
[0.362s] Level 1:colcon.colcon_core.package_identification:_identify(src/lidar_camera_calibration) by extension 'colcon_meta'
[0.362s] Level 1:colcon.colcon_core.package_identification:_identify(src/lidar_camera_calibration) by extensions ['ros']
[0.362s] Level 1:colcon.colcon_core.package_identification:_identify(src/lidar_camera_calibration) by extension 'ros'
[0.364s] DEBUG:colcon.colcon_core.package_identification:Package 'src/lidar_camera_calibration' with type 'ros.ament_cmake' and name 'lidar_camera_calibration'
[0.364s] Level 1:colcon.colcon_core.package_discovery:discover_packages(recursive) using defaults
[0.364s] Level 1:colcon.colcon_core.package_discovery:discover_packages(ignore) discover
[0.364s] Level 1:colcon.colcon_core.package_discovery:discover_packages(ignore) using defaults
[0.365s] Level 1:colcon.colcon_core.package_discovery:discover_packages(path) discover
[0.365s] Level 1:colcon.colcon_core.package_discovery:discover_packages(path) using defaults
[0.394s] Level 1:colcon.colcon_core.package_discovery:discover_packages(prefix_path) check parameters
[0.394s] Level 1:colcon.colcon_core.package_discovery:discover_packages(prefix_path) discover
[0.396s] DEBUG:colcon.colcon_installed_package_information.package_discovery:Found 1 installed packages in /home/dhruvagarwal/Desktop/ros2_ws/install
[0.396s] DEBUG:colcon.colcon_installed_package_information.package_discovery:Found 5 installed packages in /home/dhruvagarwal/feb-system-integration/perception_ws/install
[0.397s] DEBUG:colcon.colcon_installed_package_information.package_discovery:Found 1 installed packages in /home/dhruvagarwal/feb-system-integration/comm_ws/install
[0.397s] DEBUG:colcon.colcon_installed_package_information.package_discovery:Found 2 installed packages in /home/dhruvagarwal/feb-system-integration/lidar_ws/install
[0.398s] DEBUG:colcon.colcon_installed_package_information.package_discovery:Found 281 installed packages in /opt/ros/humble
[0.399s] Level 1:colcon.colcon_core.package_discovery:discover_packages(prefix_path) using defaults
[0.458s] Level 5:colcon.colcon_core.verb:set package 'lidar_camera_calibration' build argument 'cmake_args' from command line to 'None'
[0.458s] Level 5:colcon.colcon_core.verb:set package 'lidar_camera_calibration' build argument 'cmake_target' from command line to 'None'
[0.458s] Level 5:colcon.colcon_core.verb:set package 'lidar_camera_calibration' build argument 'cmake_target_skip_unavailable' from command line to 'False'
[0.458s] Level 5:colcon.colcon_core.verb:set package 'lidar_camera_calibration' build argument 'cmake_clean_cache' from command line to 'False'
[0.458s] Level 5:colcon.colcon_core.verb:set package 'lidar_camera_calibration' build argument 'cmake_clean_first' from command line to 'False'
[0.458s] Level 5:colcon.colcon_core.verb:set package 'lidar_camera_calibration' build argument 'cmake_force_configure' from command line to 'False'
[0.458s] Level 5:colcon.colcon_core.verb:set package 'lidar_camera_calibration' build argument 'ament_cmake_args' from command line to 'None'
[0.458s] Level 5:colcon.colcon_core.verb:set package 'lidar_camera_calibration' build argument 'catkin_cmake_args' from command line to 'None'
[0.458s] Level 5:colcon.colcon_core.verb:set package 'lidar_camera_calibration' build argument 'catkin_skip_building_tests' from command line to 'False'
[0.458s] DEBUG:colcon.colcon_core.verb:Building package 'lidar_camera_calibration' with the following arguments: {'ament_cmake_args': None, 'build_base': '/home/dhruvagarwal/Desktop/ros2_ws/build/lidar_camera_calibration', 'catkin_cmake_args': None, 'catkin_skip_building_tests': False, 'cmake_args': None, 'cmake_clean_cache': False, 'cmake_clean_first': False, 'cmake_force_configure': False, 'cmake_target': None, 'cmake_target_skip_unavailable': False, 'install_base': '/home/dhruvagarwal/Desktop/ros2_ws/install/lidar_camera_calibration', 'merge_install': False, 'path': '/home/dhruvagarwal/Desktop/ros2_ws/src/lidar_camera_calibration', 'symlink_install': False, 'test_result_base': None}
[0.459s] INFO:colcon.colcon_core.executor:Executing jobs using 'parallel' executor
[0.465s] DEBUG:colcon.colcon_parallel_executor.executor.parallel:run_until_complete
[0.465s] INFO:colcon.colcon_ros.task.ament_cmake.build:Building ROS package in '/home/dhruvagarwal/Desktop/ros2_ws/src/lidar_camera_calibration' with build type 'ament_cmake'
[0.465s] INFO:colcon.colcon_cmake.task.cmake.build:Building CMake package in '/home/dhruvagarwal/Desktop/ros2_ws/src/lidar_camera_calibration'
[0.466s] INFO:colcon.colcon_core.plugin_system:Skipping extension 'colcon_core.shell.bat': Not used on non-Windows systems
[0.466s] INFO:colcon.colcon_core.shell:Skip shell extension 'powershell' for command environment: Not usable outside of PowerShell
[0.466s] DEBUG:colcon.colcon_core.shell:Skip shell extension 'dsv' for command environment
[0.488s] DEBUG:colcon.colcon_core.event_handler.log_command:Invoking command in '/home/dhruvagarwal/Desktop/ros2_ws/build/lidar_camera_calibration': CMAKE_PREFIX_PATH=${CMAKE_PREFIX_PATH}:/home/dhruvagarwal/feb-system-integration/perception_ws/install/sensor_fusion:/home/dhruvagarwal/feb-system-integration/perception_ws/install/lidar_perception:/home/dhruvagarwal/feb-system-integration/perception_ws/install/camera_perception:/home/dhruvagarwal/feb-system-integration/perception_ws/install/auto_calibration:/opt/ros/humble /usr/bin/cmake --build /home/dhruvagarwal/Desktop/ros2_ws/build/lidar_camera_calibration -- -j2 -l2
[0.628s] DEBUG:colcon.colcon_core.event_handler.log_command:Invoked command in '/home/dhruvagarwal/Desktop/ros2_ws/build/lidar_camera_calibration' returned '0': CMAKE_PREFIX_PATH=${CMAKE_PREFIX_PATH}:/home/dhruvagarwal/feb-system-integration/perception_ws/install/sensor_fusion:/home/dhruvagarwal/feb-system-integration/perception_ws/install/lidar_perception:/home/dhruvagarwal/feb-system-integration/perception_ws/install/camera_perception:/home/dhruvagarwal/feb-system-integration/perception_ws/install/auto_calibration:/opt/ros/humble /usr/bin/cmake --build /home/dhruvagarwal/Desktop/ros2_ws/build/lidar_camera_calibration -- -j2 -l2
[0.761s] DEBUG:colcon.colcon_core.event_handler.log_command:Invoking command in '/home/dhruvagarwal/Desktop/ros2_ws/build/lidar_camera_calibration': CMAKE_PREFIX_PATH=${CMAKE_PREFIX_PATH}:/home/dhruvagarwal/feb-system-integration/perception_ws/install/sensor_fusion:/home/dhruvagarwal/feb-system-integration/perception_ws/install/lidar_perception:/home/dhruvagarwal/feb-system-integration/perception_ws/install/camera_perception:/home/dhruvagarwal/feb-system-integration/perception_ws/install/auto_calibration:/opt/ros/humble /usr/bin/cmake --install /home/dhruvagarwal/Desktop/ros2_ws/build/lidar_camera_calibration
[0.798s] Level 1:colcon.colcon_core.environment:create_environment_scripts_only(lidar_camera_calibration)
[0.800s] Level 1:colcon.colcon_core.environment:checking '/home/dhruvagarwal/Desktop/ros2_ws/install/lidar_camera_calibration' for CMake module files
[0.800s] Level 1:colcon.colcon_core.environment:checking '/home/dhruvagarwal/Desktop/ros2_ws/install/lidar_camera_calibration' for CMake config files
[0.800s] Level 1:colcon.colcon_core.shell:create_environment_hook('lidar_camera_calibration', 'cmake_prefix_path')
[0.800s] INFO:colcon.colcon_core.shell:Creating environment hook '/home/dhruvagarwal/Desktop/ros2_ws/install/lidar_camera_calibration/share/lidar_camera_calibration/hook/cmake_prefix_path.ps1'
[0.801s] INFO:colcon.colcon_core.shell:Creating environment descriptor '/home/dhruvagarwal/Desktop/ros2_ws/install/lidar_camera_calibration/share/lidar_camera_calibration/hook/cmake_prefix_path.dsv'
[0.801s] INFO:colcon.colcon_core.shell:Creating environment hook '/home/dhruvagarwal/Desktop/ros2_ws/install/lidar_camera_calibration/share/lidar_camera_calibration/hook/cmake_prefix_path.sh'
[0.801s] DEBUG:colcon.colcon_core.event_handler.log_command:Invoked command in '/home/dhruvagarwal/Desktop/ros2_ws/build/lidar_camera_calibration' returned '0': CMAKE_PREFIX_PATH=${CMAKE_PREFIX_PATH}:/home/dhruvagarwal/feb-system-integration/perception_ws/install/sensor_fusion:/home/dhruvagarwal/feb-system-integration/perception_ws/install/lidar_perception:/home/dhruvagarwal/feb-system-integration/perception_ws/install/camera_perception:/home/dhruvagarwal/feb-system-integration/perception_ws/install/auto_calibration:/opt/ros/humble /usr/bin/cmake --install /home/dhruvagarwal/Desktop/ros2_ws/build/lidar_camera_calibration
[0.802s] Level 1:colcon.colcon_core.environment:checking '/home/dhruvagarwal/Desktop/ros2_ws/install/lidar_camera_calibration/lib'
[0.802s] Level 1:colcon.colcon_core.environment:checking '/home/dhruvagarwal/Desktop/ros2_ws/install/lidar_camera_calibration/bin'
[0.802s] Level 1:colcon.colcon_core.environment:checking '/home/dhruvagarwal/Desktop/ros2_ws/install/lidar_camera_calibration/lib/pkgconfig/lidar_camera_calibration.pc'
[0.802s] Level 1:colcon.colcon_core.environment:checking '/home/dhruvagarwal/Desktop/ros2_ws/install/lidar_camera_calibration/lib/python3.10/site-packages'
[0.802s] Level 1:colcon.colcon_core.environment:checking '/home/dhruvagarwal/Desktop/ros2_ws/install/lidar_camera_calibration/bin'
[0.802s] INFO:colcon.colcon_core.shell:Creating package script '/home/dhruvagarwal/Desktop/ros2_ws/install/lidar_camera_calibration/share/lidar_camera_calibration/package.ps1'
[0.803s] INFO:colcon.colcon_core.shell:Creating package descriptor '/home/dhruvagarwal/Desktop/ros2_ws/install/lidar_camera_calibration/share/lidar_camera_calibration/package.dsv'
[0.803s] INFO:colcon.colcon_core.shell:Creating package script '/home/dhruvagarwal/Desktop/ros2_ws/install/lidar_camera_calibration/share/lidar_camera_calibration/package.sh'
[0.804s] INFO:colcon.colcon_core.shell:Creating package script '/home/dhruvagarwal/Desktop/ros2_ws/install/lidar_camera_calibration/share/lidar_camera_calibration/package.bash'
[0.804s] INFO:colcon.colcon_core.shell:Creating package script '/home/dhruvagarwal/Desktop/ros2_ws/install/lidar_camera_calibration/share/lidar_camera_calibration/package.zsh'
[0.805s] Level 1:colcon.colcon_core.environment:create_file_with_runtime_dependencies(/home/dhruvagarwal/Desktop/ros2_ws/install/lidar_camera_calibration/share/colcon-core/packages/lidar_camera_calibration)
[0.844s] Level 1:colcon.colcon_core.environment:create_environment_scripts_only(lidar_camera_calibration)
[0.845s] Level 1:colcon.colcon_core.environment:checking '/home/dhruvagarwal/Desktop/ros2_ws/install/lidar_camera_calibration' for CMake module files
[0.845s] Level 1:colcon.colcon_core.environment:checking '/home/dhruvagarwal/Desktop/ros2_ws/install/lidar_camera_calibration' for CMake config files
[0.845s] Level 1:colcon.colcon_core.shell:create_environment_hook('lidar_camera_calibration', 'cmake_prefix_path')
[0.846s] INFO:colcon.colcon_core.shell:Creating environment hook '/home/dhruvagarwal/Desktop/ros2_ws/install/lidar_camera_calibration/share/lidar_camera_calibration/hook/cmake_prefix_path.ps1'
[0.846s] INFO:colcon.colcon_core.shell:Creating environment descriptor '/home/dhruvagarwal/Desktop/ros2_ws/install/lidar_camera_calibration/share/lidar_camera_calibration/hook/cmake_prefix_path.dsv'
[0.846s] INFO:colcon.colcon_core.shell:Creating environment hook '/home/dhruvagarwal/Desktop/ros2_ws/install/lidar_camera_calibration/share/lidar_camera_calibration/hook/cmake_prefix_path.sh'
[0.849s] Level 1:colcon.colcon_core.environment:checking '/home/dhruvagarwal/Desktop/ros2_ws/install/lidar_camera_calibration/lib'
[0.849s] Level 1:colcon.colcon_core.environment:checking '/home/dhruvagarwal/Desktop/ros2_ws/install/lidar_camera_calibration/bin'
[0.849s] Level 1:colcon.colcon_core.environment:checking '/home/dhruvagarwal/Desktop/ros2_ws/install/lidar_camera_calibration/lib/pkgconfig/lidar_camera_calibration.pc'
[0.849s] Level 1:colcon.colcon_core.environment:checking '/home/dhruvagarwal/Desktop/ros2_ws/install/lidar_camera_calibration/lib/python3.10/site-packages'
[0.850s] Level 1:colcon.colcon_core.environment:checking '/home/dhruvagarwal/Desktop/ros2_ws/install/lidar_camera_calibration/bin'
[0.850s] INFO:colcon.colcon_core.shell:Creating package script '/home/dhruvagarwal/Desktop/ros2_ws/install/lidar_camera_calibration/share/lidar_camera_calibration/package.ps1'
[0.850s] INFO:colcon.colcon_core.shell:Creating package descriptor '/home/dhruvagarwal/Desktop/ros2_ws/install/lidar_camera_calibration/share/lidar_camera_calibration/package.dsv'
[0.851s] INFO:colcon.colcon_core.shell:Creating package script '/home/dhruvagarwal/Desktop/ros2_ws/install/lidar_camera_calibration/share/lidar_camera_calibration/package.sh'
[0.851s] INFO:colcon.colcon_core.shell:Creating package script '/home/dhruvagarwal/Desktop/ros2_ws/install/lidar_camera_calibration/share/lidar_camera_calibration/package.bash'
[0.851s] INFO:colcon.colcon_core.shell:Creating package script '/home/dhruvagarwal/Desktop/ros2_ws/install/lidar_camera_calibration/share/lidar_camera_calibration/package.zsh'
[0.851s] Level 1:colcon.colcon_core.environment:create_file_with_runtime_dependencies(/home/dhruvagarwal/Desktop/ros2_ws/install/lidar_camera_calibration/share/colcon-core/packages/lidar_camera_calibration)
[0.854s] DEBUG:colcon.colcon_parallel_executor.executor.parallel:closing loop
[0.854s] DEBUG:colcon.colcon_parallel_executor.executor.parallel:loop closed
[0.854s] DEBUG:colcon.colcon_parallel_executor.executor.parallel:run_until_complete finished with '0'
[0.854s] DEBUG:colcon.colcon_core.event_reactor:joining thread
[0.858s] INFO:colcon.colcon_core.plugin_system:Skipping extension 'colcon_notification.desktop_notification.terminal_notifier': Not used on non-Darwin systems
[0.858s] INFO:colcon.colcon_core.plugin_system:Skipping extension 'colcon_notification.desktop_notification.win32': Not used on non-Windows systems
[0.858s] INFO:colcon.colcon_notification.desktop_notification:Sending desktop notification using 'notify2'
[0.881s] DEBUG:colcon.colcon_core.event_reactor:joined thread
[0.881s] INFO:colcon.colcon_core.shell:Creating prefix script '/home/dhruvagarwal/Desktop/ros2_ws/install/local_setup.ps1'
[0.882s] INFO:colcon.colcon_core.shell:Creating prefix util module '/home/dhruvagarwal/Desktop/ros2_ws/install/_local_setup_util_ps1.py'
[0.883s] INFO:colcon.colcon_core.shell:Creating prefix chain script '/home/dhruvagarwal/Desktop/ros2_ws/install/setup.ps1'
[0.884s] INFO:colcon.colcon_core.shell:Creating prefix script '/home/dhruvagarwal/Desktop/ros2_ws/install/local_setup.sh'
[0.885s] INFO:colcon.colcon_core.shell:Creating prefix util module '/home/dhruvagarwal/Desktop/ros2_ws/install/_local_setup_util_sh.py'
[0.885s] INFO:colcon.colcon_core.shell:Creating prefix chain script '/home/dhruvagarwal/Desktop/ros2_ws/install/setup.sh'
[0.886s] INFO:colcon.colcon_core.shell:Creating prefix script '/home/dhruvagarwal/Desktop/ros2_ws/install/local_setup.bash'
[0.886s] INFO:colcon.colcon_core.shell:Creating prefix chain script '/home/dhruvagarwal/Desktop/ros2_ws/install/setup.bash'
[0.887s] INFO:colcon.colcon_core.shell:Creating prefix script '/home/dhruvagarwal/Desktop/ros2_ws/install/local_setup.zsh'
[0.890s] INFO:colcon.colcon_core.shell:Creating prefix chain script '/home/dhruvagarwal/Desktop/ros2_ws/install/setup.zsh'
