[0.241s] DEBUG:colcon:Command line arguments: ['/usr/bin/colcon', 'build']
[0.241s] DEBUG:colcon:Parsed command line arguments: Namespace(log_base=None, log_level=None, verb_name='build', build_base='build', install_base='install', merge_install=False, symlink_install=False, test_result_base=None, continue_on_error=False, executor='parallel', parallel_workers=2, event_handlers=None, ignore_user_meta=False, metas=['./colcon.meta'], base_paths=['.'], packages_ignore=None, packages_ignore_regex=None, paths=None, packages_up_to=None, packages_up_to_regex=None, packages_above=None, packages_above_and_dependencies=None, packages_above_depth=None, packages_select_by_dep=None, packages_skip_by_dep=None, packages_skip_up_to=None, packages_select_build_failed=False, packages_skip_build_finished=False, packages_select_test_failures=False, packages_skip_test_passed=False, packages_select=None, packages_skip=None, packages_select_regex=None, packages_skip_regex=None, packages_start=None, packages_end=None, allow_overriding=[], cmake_args=None, cmake_target=None, cmake_target_skip_unavailable=False, cmake_clean_cache=False, cmake_clean_first=False, cmake_force_configure=False, ament_cmake_args=None, catkin_cmake_args=None, catkin_skip_building_tests=False, verb_parser=<colcon_defaults.argument_parser.defaults.DefaultArgumentsDecorator object at 0xffffb8225b70>, verb_extension=<colcon_core.verb.build.BuildVerb object at 0xffffb831f160>, main=<bound method BuildVerb.main of <colcon_core.verb.build.BuildVerb object at 0xffffb831f160>>)
[0.757s] Level 1:colcon.colcon_core.package_discovery:discover_packages(colcon_meta) check parameters
[0.757s] Level 1:colcon.colcon_core.package_discovery:discover_packages(recursive) check parameters
[0.757s] Level 1:colcon.colcon_core.package_discovery:discover_packages(ignore) check parameters
[0.757s] Level 1:colcon.colcon_core.package_discovery:discover_packages(path) check parameters
[0.757s] Level 1:colcon.colcon_core.package_discovery:discover_packages(colcon_meta) discover
[0.757s] Level 1:colcon.colcon_core.package_discovery:discover_packages(recursive) discover
[0.757s] INFO:colcon.colcon_core.package_discovery:Crawling recursively for packages in '/home/dhruvagarwal/Desktop/ros2_ws'
[0.757s] Level 1:colcon.colcon_core.package_identification:_identify(.) by extensions ['ignore', 'ignore_ament_install']
[0.757s] Level 1:colcon.colcon_core.package_identification:_identify(.) by extension 'ignore'
[0.758s] Level 1:colcon.colcon_core.package_identification:_identify(.) by extension 'ignore_ament_install'
[0.758s] Level 1:colcon.colcon_core.package_identification:_identify(.) by extensions ['colcon_pkg']
[0.758s] Level 1:colcon.colcon_core.package_identification:_identify(.) by extension 'colcon_pkg'
[0.758s] Level 1:colcon.colcon_core.package_identification:_identify(.) by extensions ['colcon_meta']
[0.758s] Level 1:colcon.colcon_core.package_identification:_identify(.) by extension 'colcon_meta'
[0.758s] Level 1:colcon.colcon_core.package_identification:_identify(.) by extensions ['ros']
[0.758s] Level 1:colcon.colcon_core.package_identification:_identify(.) by extension 'ros'
[0.822s] Level 1:colcon.colcon_core.package_identification:_identify(.) by extensions ['cmake', 'python']
[0.822s] Level 1:colcon.colcon_core.package_identification:_identify(.) by extension 'cmake'
[0.822s] Level 1:colcon.colcon_core.package_identification:_identify(.) by extension 'python'
[0.822s] Level 1:colcon.colcon_core.package_identification:_identify(.) by extensions ['python_setup_py']
[0.822s] Level 1:colcon.colcon_core.package_identification:_identify(.) by extension 'python_setup_py'
[0.823s] Level 1:colcon.colcon_core.package_identification:_identify(build) by extensions ['ignore', 'ignore_ament_install']
[0.823s] Level 1:colcon.colcon_core.package_identification:_identify(build) by extension 'ignore'
[0.823s] Level 1:colcon.colcon_core.package_identification:_identify(build) ignored
[0.823s] Level 1:colcon.colcon_core.package_identification:_identify(install) by extensions ['ignore', 'ignore_ament_install']
[0.823s] Level 1:colcon.colcon_core.package_identification:_identify(install) by extension 'ignore'
[0.823s] Level 1:colcon.colcon_core.package_identification:_identify(install) ignored
[0.823s] Level 1:colcon.colcon_core.package_identification:_identify(log) by extensions ['ignore', 'ignore_ament_install']
[0.823s] Level 1:colcon.colcon_core.package_identification:_identify(log) by extension 'ignore'
[0.823s] Level 1:colcon.colcon_core.package_identification:_identify(log) ignored
[0.823s] Level 1:colcon.colcon_core.package_identification:_identify(src) by extensions ['ignore', 'ignore_ament_install']
[0.823s] Level 1:colcon.colcon_core.package_identification:_identify(src) by extension 'ignore'
[0.823s] Level 1:colcon.colcon_core.package_identification:_identify(src) by extension 'ignore_ament_install'
[0.823s] Level 1:colcon.colcon_core.package_identification:_identify(src) by extensions ['colcon_pkg']
[0.823s] Level 1:colcon.colcon_core.package_identification:_identify(src) by extension 'colcon_pkg'
[0.823s] Level 1:colcon.colcon_core.package_identification:_identify(src) by extensions ['colcon_meta']
[0.823s] Level 1:colcon.colcon_core.package_identification:_identify(src) by extension 'colcon_meta'
[0.823s] Level 1:colcon.colcon_core.package_identification:_identify(src) by extensions ['ros']
[0.823s] Level 1:colcon.colcon_core.package_identification:_identify(src) by extension 'ros'
[0.823s] Level 1:colcon.colcon_core.package_identification:_identify(src) by extensions ['cmake', 'python']
[0.823s] Level 1:colcon.colcon_core.package_identification:_identify(src) by extension 'cmake'
[0.823s] Level 1:colcon.colcon_core.package_identification:_identify(src) by extension 'python'
[0.823s] Level 1:colcon.colcon_core.package_identification:_identify(src) by extensions ['python_setup_py']
[0.823s] Level 1:colcon.colcon_core.package_identification:_identify(src) by extension 'python_setup_py'
[0.823s] Level 1:colcon.colcon_core.package_identification:_identify(src/lidar_camera_calibration) by extensions ['ignore', 'ignore_ament_install']
[0.823s] Level 1:colcon.colcon_core.package_identification:_identify(src/lidar_camera_calibration) by extension 'ignore'
[0.823s] Level 1:colcon.colcon_core.package_identification:_identify(src/lidar_camera_calibration) by extension 'ignore_ament_install'
[0.823s] Level 1:colcon.colcon_core.package_identification:_identify(src/lidar_camera_calibration) by extensions ['colcon_pkg']
[0.823s] Level 1:colcon.colcon_core.package_identification:_identify(src/lidar_camera_calibration) by extension 'colcon_pkg'
[0.823s] Level 1:colcon.colcon_core.package_identification:_identify(src/lidar_camera_calibration) by extensions ['colcon_meta']
[0.823s] Level 1:colcon.colcon_core.package_identification:_identify(src/lidar_camera_calibration) by extension 'colcon_meta'
[0.823s] Level 1:colcon.colcon_core.package_identification:_identify(src/lidar_camera_calibration) by extensions ['ros']
[0.824s] Level 1:colcon.colcon_core.package_identification:_identify(src/lidar_camera_calibration) by extension 'ros'
[0.825s] DEBUG:colcon.colcon_core.package_identification:Package 'src/lidar_camera_calibration' with type 'ros.ament_cmake' and name 'lidar_camera_calibration'
[0.825s] Level 1:colcon.colcon_core.package_discovery:discover_packages(recursive) using defaults
[0.825s] Level 1:colcon.colcon_core.package_discovery:discover_packages(ignore) discover
[0.825s] Level 1:colcon.colcon_core.package_discovery:discover_packages(ignore) using defaults
[0.825s] Level 1:colcon.colcon_core.package_discovery:discover_packages(path) discover
[0.825s] Level 1:colcon.colcon_core.package_discovery:discover_packages(path) using defaults
[0.877s] Level 1:colcon.colcon_core.package_discovery:discover_packages(prefix_path) check parameters
[0.877s] Level 1:colcon.colcon_core.package_discovery:discover_packages(prefix_path) discover
[0.878s] DEBUG:colcon.colcon_installed_package_information.package_discovery:Found 1 installed packages in /home/dhruvagarwal/Desktop/ros2_ws/install
[0.878s] DEBUG:colcon.colcon_installed_package_information.package_discovery:Found 5 installed packages in /home/dhruvagarwal/feb-system-integration/perception_ws/install
[0.879s] DEBUG:colcon.colcon_installed_package_information.package_discovery:Found 1 installed packages in /home/dhruvagarwal/feb-system-integration/comm_ws/install
[0.879s] DEBUG:colcon.colcon_installed_package_information.package_discovery:Found 2 installed packages in /home/dhruvagarwal/feb-system-integration/lidar_ws/install
[0.880s] DEBUG:colcon.colcon_installed_package_information.package_discovery:Found 281 installed packages in /opt/ros/humble
[0.881s] Level 1:colcon.colcon_core.package_discovery:discover_packages(prefix_path) using defaults
[0.970s] Level 5:colcon.colcon_core.verb:set package 'lidar_camera_calibration' build argument 'cmake_args' from command line to 'None'
[0.970s] Level 5:colcon.colcon_core.verb:set package 'lidar_camera_calibration' build argument 'cmake_target' from command line to 'None'
[0.970s] Level 5:colcon.colcon_core.verb:set package 'lidar_camera_calibration' build argument 'cmake_target_skip_unavailable' from command line to 'False'
[0.970s] Level 5:colcon.colcon_core.verb:set package 'lidar_camera_calibration' build argument 'cmake_clean_cache' from command line to 'False'
[0.970s] Level 5:colcon.colcon_core.verb:set package 'lidar_camera_calibration' build argument 'cmake_clean_first' from command line to 'False'
[0.970s] Level 5:colcon.colcon_core.verb:set package 'lidar_camera_calibration' build argument 'cmake_force_configure' from command line to 'False'
[0.971s] Level 5:colcon.colcon_core.verb:set package 'lidar_camera_calibration' build argument 'ament_cmake_args' from command line to 'None'
[0.971s] Level 5:colcon.colcon_core.verb:set package 'lidar_camera_calibration' build argument 'catkin_cmake_args' from command line to 'None'
[0.971s] Level 5:colcon.colcon_core.verb:set package 'lidar_camera_calibration' build argument 'catkin_skip_building_tests' from command line to 'False'
[0.971s] DEBUG:colcon.colcon_core.verb:Building package 'lidar_camera_calibration' with the following arguments: {'ament_cmake_args': None, 'build_base': '/home/dhruvagarwal/Desktop/ros2_ws/build/lidar_camera_calibration', 'catkin_cmake_args': None, 'catkin_skip_building_tests': False, 'cmake_args': None, 'cmake_clean_cache': False, 'cmake_clean_first': False, 'cmake_force_configure': False, 'cmake_target': None, 'cmake_target_skip_unavailable': False, 'install_base': '/home/dhruvagarwal/Desktop/ros2_ws/install/lidar_camera_calibration', 'merge_install': False, 'path': '/home/dhruvagarwal/Desktop/ros2_ws/src/lidar_camera_calibration', 'symlink_install': False, 'test_result_base': None}
[0.971s] INFO:colcon.colcon_core.executor:Executing jobs using 'parallel' executor
[0.979s] DEBUG:colcon.colcon_parallel_executor.executor.parallel:run_until_complete
[0.979s] INFO:colcon.colcon_ros.task.ament_cmake.build:Building ROS package in '/home/dhruvagarwal/Desktop/ros2_ws/src/lidar_camera_calibration' with build type 'ament_cmake'
[0.979s] INFO:colcon.colcon_cmake.task.cmake.build:Building CMake package in '/home/dhruvagarwal/Desktop/ros2_ws/src/lidar_camera_calibration'
[0.980s] INFO:colcon.colcon_core.plugin_system:Skipping extension 'colcon_core.shell.bat': Not used on non-Windows systems
[0.980s] INFO:colcon.colcon_core.shell:Skip shell extension 'powershell' for command environment: Not usable outside of PowerShell
[0.980s] DEBUG:colcon.colcon_core.shell:Skip shell extension 'dsv' for command environment
[1.024s] DEBUG:colcon.colcon_core.event_handler.log_command:Invoking command in '/home/dhruvagarwal/Desktop/ros2_ws/build/lidar_camera_calibration': CMAKE_PREFIX_PATH=${CMAKE_PREFIX_PATH}:/home/dhruvagarwal/feb-system-integration/perception_ws/install/sensor_fusion:/home/dhruvagarwal/feb-system-integration/perception_ws/install/lidar_perception:/home/dhruvagarwal/feb-system-integration/perception_ws/install/camera_perception:/home/dhruvagarwal/feb-system-integration/perception_ws/install/auto_calibration:/opt/ros/humble /usr/bin/cmake --build /home/dhruvagarwal/Desktop/ros2_ws/build/lidar_camera_calibration -- -j2 -l2
[1.210s] DEBUG:colcon.colcon_core.event_handler.log_command:Invoked command in '/home/dhruvagarwal/Desktop/ros2_ws/build/lidar_camera_calibration' returned '0': CMAKE_PREFIX_PATH=${CMAKE_PREFIX_PATH}:/home/dhruvagarwal/feb-system-integration/perception_ws/install/sensor_fusion:/home/dhruvagarwal/feb-system-integration/perception_ws/install/lidar_perception:/home/dhruvagarwal/feb-system-integration/perception_ws/install/camera_perception:/home/dhruvagarwal/feb-system-integration/perception_ws/install/auto_calibration:/opt/ros/humble /usr/bin/cmake --build /home/dhruvagarwal/Desktop/ros2_ws/build/lidar_camera_calibration -- -j2 -l2
[1.328s] DEBUG:colcon.colcon_core.event_handler.log_command:Invoking command in '/home/dhruvagarwal/Desktop/ros2_ws/build/lidar_camera_calibration': CMAKE_PREFIX_PATH=${CMAKE_PREFIX_PATH}:/home/dhruvagarwal/feb-system-integration/perception_ws/install/sensor_fusion:/home/dhruvagarwal/feb-system-integration/perception_ws/install/lidar_perception:/home/dhruvagarwal/feb-system-integration/perception_ws/install/camera_perception:/home/dhruvagarwal/feb-system-integration/perception_ws/install/auto_calibration:/opt/ros/humble /usr/bin/cmake --install /home/dhruvagarwal/Desktop/ros2_ws/build/lidar_camera_calibration
[1.346s] Level 1:colcon.colcon_core.environment:create_environment_scripts_only(lidar_camera_calibration)
[1.347s] Level 1:colcon.colcon_core.environment:checking '/home/dhruvagarwal/Desktop/ros2_ws/install/lidar_camera_calibration' for CMake module files
[1.348s] DEBUG:colcon.colcon_core.event_handler.log_command:Invoked command in '/home/dhruvagarwal/Desktop/ros2_ws/build/lidar_camera_calibration' returned '0': CMAKE_PREFIX_PATH=${CMAKE_PREFIX_PATH}:/home/dhruvagarwal/feb-system-integration/perception_ws/install/sensor_fusion:/home/dhruvagarwal/feb-system-integration/perception_ws/install/lidar_perception:/home/dhruvagarwal/feb-system-integration/perception_ws/install/camera_perception:/home/dhruvagarwal/feb-system-integration/perception_ws/install/auto_calibration:/opt/ros/humble /usr/bin/cmake --install /home/dhruvagarwal/Desktop/ros2_ws/build/lidar_camera_calibration
[1.348s] Level 1:colcon.colcon_core.environment:checking '/home/dhruvagarwal/Desktop/ros2_ws/install/lidar_camera_calibration' for CMake config files
[1.348s] Level 1:colcon.colcon_core.shell:create_environment_hook('lidar_camera_calibration', 'cmake_prefix_path')
[1.349s] INFO:colcon.colcon_core.shell:Creating environment hook '/home/dhruvagarwal/Desktop/ros2_ws/install/lidar_camera_calibration/share/lidar_camera_calibration/hook/cmake_prefix_path.ps1'
[1.349s] INFO:colcon.colcon_core.shell:Creating environment descriptor '/home/dhruvagarwal/Desktop/ros2_ws/install/lidar_camera_calibration/share/lidar_camera_calibration/hook/cmake_prefix_path.dsv'
[1.349s] INFO:colcon.colcon_core.shell:Creating environment hook '/home/dhruvagarwal/Desktop/ros2_ws/install/lidar_camera_calibration/share/lidar_camera_calibration/hook/cmake_prefix_path.sh'
[1.350s] Level 1:colcon.colcon_core.environment:checking '/home/dhruvagarwal/Desktop/ros2_ws/install/lidar_camera_calibration/lib'
[1.350s] Level 1:colcon.colcon_core.environment:checking '/home/dhruvagarwal/Desktop/ros2_ws/install/lidar_camera_calibration/bin'
[1.350s] Level 1:colcon.colcon_core.environment:checking '/home/dhruvagarwal/Desktop/ros2_ws/install/lidar_camera_calibration/lib/pkgconfig/lidar_camera_calibration.pc'
[1.350s] Level 1:colcon.colcon_core.environment:checking '/home/dhruvagarwal/Desktop/ros2_ws/install/lidar_camera_calibration/lib/python3.10/site-packages'
[1.351s] Level 1:colcon.colcon_core.environment:checking '/home/dhruvagarwal/Desktop/ros2_ws/install/lidar_camera_calibration/bin'
[1.351s] INFO:colcon.colcon_core.shell:Creating package script '/home/dhruvagarwal/Desktop/ros2_ws/install/lidar_camera_calibration/share/lidar_camera_calibration/package.ps1'
[1.351s] INFO:colcon.colcon_core.shell:Creating package descriptor '/home/dhruvagarwal/Desktop/ros2_ws/install/lidar_camera_calibration/share/lidar_camera_calibration/package.dsv'
[1.352s] INFO:colcon.colcon_core.shell:Creating package script '/home/dhruvagarwal/Desktop/ros2_ws/install/lidar_camera_calibration/share/lidar_camera_calibration/package.sh'
[1.352s] INFO:colcon.colcon_core.shell:Creating package script '/home/dhruvagarwal/Desktop/ros2_ws/install/lidar_camera_calibration/share/lidar_camera_calibration/package.bash'
[1.352s] INFO:colcon.colcon_core.shell:Creating package script '/home/dhruvagarwal/Desktop/ros2_ws/install/lidar_camera_calibration/share/lidar_camera_calibration/package.zsh'
[1.353s] Level 1:colcon.colcon_core.environment:create_file_with_runtime_dependencies(/home/dhruvagarwal/Desktop/ros2_ws/install/lidar_camera_calibration/share/colcon-core/packages/lidar_camera_calibration)
[1.367s] Level 1:colcon.colcon_core.environment:create_environment_scripts_only(lidar_camera_calibration)
[1.367s] Level 1:colcon.colcon_core.environment:checking '/home/dhruvagarwal/Desktop/ros2_ws/install/lidar_camera_calibration' for CMake module files
[1.367s] Level 1:colcon.colcon_core.environment:checking '/home/dhruvagarwal/Desktop/ros2_ws/install/lidar_camera_calibration' for CMake config files
[1.367s] Level 1:colcon.colcon_core.shell:create_environment_hook('lidar_camera_calibration', 'cmake_prefix_path')
[1.367s] INFO:colcon.colcon_core.shell:Creating environment hook '/home/dhruvagarwal/Desktop/ros2_ws/install/lidar_camera_calibration/share/lidar_camera_calibration/hook/cmake_prefix_path.ps1'
[1.368s] INFO:colcon.colcon_core.shell:Creating environment descriptor '/home/dhruvagarwal/Desktop/ros2_ws/install/lidar_camera_calibration/share/lidar_camera_calibration/hook/cmake_prefix_path.dsv'
[1.368s] INFO:colcon.colcon_core.shell:Creating environment hook '/home/dhruvagarwal/Desktop/ros2_ws/install/lidar_camera_calibration/share/lidar_camera_calibration/hook/cmake_prefix_path.sh'
[1.368s] Level 1:colcon.colcon_core.environment:checking '/home/dhruvagarwal/Desktop/ros2_ws/install/lidar_camera_calibration/lib'
[1.368s] Level 1:colcon.colcon_core.environment:checking '/home/dhruvagarwal/Desktop/ros2_ws/install/lidar_camera_calibration/bin'
[1.368s] Level 1:colcon.colcon_core.environment:checking '/home/dhruvagarwal/Desktop/ros2_ws/install/lidar_camera_calibration/lib/pkgconfig/lidar_camera_calibration.pc'
[1.369s] Level 1:colcon.colcon_core.environment:checking '/home/dhruvagarwal/Desktop/ros2_ws/install/lidar_camera_calibration/lib/python3.10/site-packages'
[1.369s] Level 1:colcon.colcon_core.environment:checking '/home/dhruvagarwal/Desktop/ros2_ws/install/lidar_camera_calibration/bin'
[1.369s] INFO:colcon.colcon_core.shell:Creating package script '/home/dhruvagarwal/Desktop/ros2_ws/install/lidar_camera_calibration/share/lidar_camera_calibration/package.ps1'
[1.369s] INFO:colcon.colcon_core.shell:Creating package descriptor '/home/dhruvagarwal/Desktop/ros2_ws/install/lidar_camera_calibration/share/lidar_camera_calibration/package.dsv'
[1.369s] INFO:colcon.colcon_core.shell:Creating package script '/home/dhruvagarwal/Desktop/ros2_ws/install/lidar_camera_calibration/share/lidar_camera_calibration/package.sh'
[1.370s] INFO:colcon.colcon_core.shell:Creating package script '/home/dhruvagarwal/Desktop/ros2_ws/install/lidar_camera_calibration/share/lidar_camera_calibration/package.bash'
[1.370s] INFO:colcon.colcon_core.shell:Creating package script '/home/dhruvagarwal/Desktop/ros2_ws/install/lidar_camera_calibration/share/lidar_camera_calibration/package.zsh'
[1.370s] Level 1:colcon.colcon_core.environment:create_file_with_runtime_dependencies(/home/dhruvagarwal/Desktop/ros2_ws/install/lidar_camera_calibration/share/colcon-core/packages/lidar_camera_calibration)
[1.371s] DEBUG:colcon.colcon_parallel_executor.executor.parallel:closing loop
[1.371s] DEBUG:colcon.colcon_parallel_executor.executor.parallel:loop closed
[1.371s] DEBUG:colcon.colcon_parallel_executor.executor.parallel:run_until_complete finished with '0'
[1.371s] DEBUG:colcon.colcon_core.event_reactor:joining thread
[1.375s] INFO:colcon.colcon_core.plugin_system:Skipping extension 'colcon_notification.desktop_notification.terminal_notifier': Not used on non-Darwin systems
[1.375s] INFO:colcon.colcon_core.plugin_system:Skipping extension 'colcon_notification.desktop_notification.win32': Not used on non-Windows systems
[1.375s] INFO:colcon.colcon_notification.desktop_notification:Sending desktop notification using 'notify2'
[1.393s] DEBUG:colcon.colcon_core.event_reactor:joined thread
[1.394s] INFO:colcon.colcon_core.shell:Creating prefix script '/home/dhruvagarwal/Desktop/ros2_ws/install/local_setup.ps1'
[1.395s] INFO:colcon.colcon_core.shell:Creating prefix util module '/home/dhruvagarwal/Desktop/ros2_ws/install/_local_setup_util_ps1.py'
[1.395s] INFO:colcon.colcon_core.shell:Creating prefix chain script '/home/dhruvagarwal/Desktop/ros2_ws/install/setup.ps1'
[1.396s] INFO:colcon.colcon_core.shell:Creating prefix script '/home/dhruvagarwal/Desktop/ros2_ws/install/local_setup.sh'
[1.396s] INFO:colcon.colcon_core.shell:Creating prefix util module '/home/dhruvagarwal/Desktop/ros2_ws/install/_local_setup_util_sh.py'
[1.397s] INFO:colcon.colcon_core.shell:Creating prefix chain script '/home/dhruvagarwal/Desktop/ros2_ws/install/setup.sh'
[1.403s] INFO:colcon.colcon_core.shell:Creating prefix script '/home/dhruvagarwal/Desktop/ros2_ws/install/local_setup.bash'
[1.410s] INFO:colcon.colcon_core.shell:Creating prefix chain script '/home/dhruvagarwal/Desktop/ros2_ws/install/setup.bash'
[1.411s] INFO:colcon.colcon_core.shell:Creating prefix script '/home/dhruvagarwal/Desktop/ros2_ws/install/local_setup.zsh'
[1.411s] INFO:colcon.colcon_core.shell:Creating prefix chain script '/home/dhruvagarwal/Desktop/ros2_ws/install/setup.zsh'
